
                            < M A T L A B (R) >
                  Copyright 1984-2023 The MathWorks, Inc.
             R2023a Update 3 (9.14.0.2286388) 64-bit (glnxa64)
                                May 25, 2023

 
To get started, type doc.
For product information, visit www.mathworks.com.
 
Iteration 10, max diff = 7.928e-02
Iteration 20, max diff = 3.357e-02
Iteration 30, max diff = 3.282e-02
Iteration 40, max diff = 2.170e-02
Iteration 50, max diff = 1.302e-02
Iteration 60, max diff = 7.108e-03
Iteration 70, max diff = 3.301e-03
Iteration 80, max diff = 1.605e-03
Iteration 90, max diff = 7.299e-04
Iteration 100, max diff = 3.219e-04
Iteration 110, max diff = 1.407e-04
Iteration 120, max diff = 6.034e-05
Iteration 130, max diff = 2.378e-05
Iteration 140, max diff = 9.792e-06
Iteration 150, max diff = 3.977e-06
Iteration 160, max diff = 1.487e-06
Iteration 170, max diff = 5.202e-07
Iteration 180, max diff = 2.041e-07
Iteration 190, max diff = 6.225e-08
Iteration 200, max diff = 1.798e-08
Converged at iteration 203
