
                            < M A T L A B (R) >
                  Copyright 1984-2023 The MathWorks, Inc.
             R2023a Update 3 (9.14.0.2286388) 64-bit (glnxa64)
                                May 25, 2023

 
To get started, type doc.
For product information, visit www.mathworks.com.
 
Iteration 10, max diff = 8.613e-02
Iteration 20, max diff = 4.183e-02
Iteration 30, max diff = 2.782e-02
Iteration 40, max diff = 1.975e-02
Iteration 50, max diff = 1.180e-02
Iteration 60, max diff = 5.753e-03
Iteration 70, max diff = 2.769e-03
Iteration 80, max diff = 1.324e-03
Iteration 90, max diff = 5.898e-04
Iteration 100, max diff = 2.559e-04
Iteration 110, max diff = 1.094e-04
Iteration 120, max diff = 4.639e-05
Iteration 130, max diff = 1.957e-05
Iteration 140, max diff = 8.304e-06
Iteration 150, max diff = 3.443e-06
Iteration 160, max diff = 1.456e-06
Iteration 170, max diff = 6.138e-07
Iteration 180, max diff = 2.727e-07
Iteration 190, max diff = 1.259e-07
Iteration 200, max diff = 3.416e-08
Iteration 210, max diff = 2.342e-08
Iteration 220, max diff = 1.342e-08
Converged at iteration 226
