
                            < M A T L A B (R) >
                  Copyright 1984-2023 The MathWorks, Inc.
             R2023a Update 3 (9.14.0.2286388) 64-bit (glnxa64)
                                May 25, 2023

 
To get started, type doc.
For product information, visit www.mathworks.com.
 
Iteration 10, max diff = 6.461e-02
Iteration 20, max diff = 4.579e-02
Iteration 30, max diff = 3.233e-02
Iteration 40, max diff = 1.303e-02
Iteration 50, max diff = 5.040e-03
Iteration 60, max diff = 1.487e-03
Iteration 70, max diff = 4.518e-04
Iteration 80, max diff = 1.206e-04
Iteration 90, max diff = 3.289e-05
Iteration 100, max diff = 8.876e-06
Iteration 110, max diff = 2.485e-06
Iteration 120, max diff = 7.230e-07
Iteration 130, max diff = 2.208e-07
Iteration 140, max diff = 7.097e-08
Iteration 150, max diff = 3.201e-08
Iteration 160, max diff = 1.101e-08
Converged at iteration 161
