
                            < M A T L A B (R) >
                  Copyright 1984-2023 The MathWorks, Inc.
             R2023a Update 3 (9.14.0.2286388) 64-bit (glnxa64)
                                May 25, 2023

 
To get started, type doc.
For product information, visit www.mathworks.com.
 
Iteration 10, max diff = 8.953e-02
Iteration 20, max diff = 7.110e-02
Iteration 30, max diff = 2.210e-02
Iteration 40, max diff = 5.345e-03
Iteration 50, max diff = 1.409e-03
Iteration 60, max diff = 3.286e-04
Iteration 70, max diff = 8.385e-05
Iteration 80, max diff = 2.863e-05
Iteration 90, max diff = 1.077e-05
Iteration 100, max diff = 4.229e-06
Iteration 110, max diff = 1.690e-06
Iteration 120, max diff = 6.628e-07
Iteration 130, max diff = 2.730e-07
Iteration 140, max diff = 1.060e-07
Iteration 150, max diff = 4.925e-08
Iteration 160, max diff = 1.445e-08
Converged at iteration 162
