
                            < M A T L A B (R) >
                  Copyright 1984-2023 The MathWorks, Inc.
             R2023a Update 3 (9.14.0.2286388) 64-bit (glnxa64)
                                May 25, 2023

 
To get started, type doc.
For product information, visit www.mathworks.com.
 
Iteration 10, max diff = 8.487e-02
Iteration 20, max diff = 2.768e-02
Iteration 30, max diff = 2.997e-02
Iteration 40, max diff = 2.145e-02
Iteration 50, max diff = 1.436e-02
Iteration 60, max diff = 8.879e-03
Iteration 70, max diff = 4.792e-03
Iteration 80, max diff = 2.644e-03
Iteration 90, max diff = 1.405e-03
Iteration 100, max diff = 7.175e-04
Iteration 110, max diff = 3.621e-04
Iteration 120, max diff = 1.816e-04
Iteration 130, max diff = 8.928e-05
Iteration 140, max diff = 4.368e-05
Iteration 150, max diff = 2.122e-05
Iteration 160, max diff = 1.023e-05
Iteration 170, max diff = 4.866e-06
Iteration 180, max diff = 2.312e-06
Iteration 190, max diff = 1.077e-06
Iteration 200, max diff = 5.186e-07
Iteration 210, max diff = 2.106e-07
Iteration 220, max diff = 9.755e-08
Iteration 230, max diff = 4.013e-08
Iteration 240, max diff = 2.438e-08
Converged at iteration 247
