
                            < M A T L A B (R) >
                  Copyright 1984-2023 The MathWorks, Inc.
             R2023a Update 3 (9.14.0.2286388) 64-bit (glnxa64)
                                May 25, 2023

 
To get started, type doc.
For product information, visit www.mathworks.com.
 
Iteration 10, max diff = 1.040e-01
Iteration 20, max diff = 3.581e-02
Iteration 30, max diff = 3.358e-02
Iteration 40, max diff = 1.895e-02
Iteration 50, max diff = 1.039e-02
Iteration 60, max diff = 5.198e-03
Iteration 70, max diff = 2.572e-03
Iteration 80, max diff = 1.179e-03
Iteration 90, max diff = 5.210e-04
Iteration 100, max diff = 2.277e-04
Iteration 110, max diff = 9.769e-05
Iteration 120, max diff = 4.149e-05
Iteration 130, max diff = 1.747e-05
Iteration 140, max diff = 7.300e-06
Iteration 150, max diff = 3.022e-06
Iteration 160, max diff = 1.249e-06
Iteration 170, max diff = 5.180e-07
Iteration 180, max diff = 1.951e-07
Iteration 190, max diff = 7.960e-08
Iteration 200, max diff = 5.115e-08
Iteration 210, max diff = 2.921e-08
Converged at iteration 216
