
                            < M A T L A B (R) >
                  Copyright 1984-2023 The MathWorks, Inc.
             R2023a Update 3 (9.14.0.2286388) 64-bit (glnxa64)
                                May 25, 2023

 
To get started, type doc.
For product information, visit www.mathworks.com.
 
Iteration 10, max diff = 9.125e-02
Iteration 20, max diff = 4.528e-02
Iteration 30, max diff = 2.808e-02
Iteration 40, max diff = 2.105e-02
Iteration 50, max diff = 1.324e-02
Iteration 60, max diff = 6.655e-03
Iteration 70, max diff = 3.344e-03
Iteration 80, max diff = 1.692e-03
Iteration 90, max diff = 7.915e-04
Iteration 100, max diff = 3.583e-04
Iteration 110, max diff = 1.596e-04
Iteration 120, max diff = 7.050e-05
Iteration 130, max diff = 3.107e-05
Iteration 140, max diff = 1.364e-05
Iteration 150, max diff = 5.999e-06
Iteration 160, max diff = 2.638e-06
Iteration 170, max diff = 1.145e-06
Iteration 180, max diff = 4.901e-07
Iteration 190, max diff = 2.260e-07
Iteration 200, max diff = 1.140e-07
Iteration 210, max diff = 2.880e-08
Converged at iteration 220
