
                            < M A T L A B (R) >
                  Copyright 1984-2023 The MathWorks, Inc.
             R2023a Update 3 (9.14.0.2286388) 64-bit (glnxa64)
                                May 25, 2023

 
To get started, type doc.
For product information, visit www.mathworks.com.
 
Iteration 10, max diff = 1.214e-01
Iteration 20, max diff = 4.663e-02
Iteration 30, max diff = 3.887e-02
Iteration 40, max diff = 1.856e-02
Iteration 50, max diff = 8.678e-03
Iteration 60, max diff = 3.674e-03
Iteration 70, max diff = 1.547e-03
Iteration 80, max diff = 6.211e-04
Iteration 90, max diff = 2.521e-04
Iteration 100, max diff = 1.050e-04
Iteration 110, max diff = 4.496e-05
Iteration 120, max diff = 1.977e-05
Iteration 130, max diff = 8.886e-06
Iteration 140, max diff = 4.066e-06
Iteration 150, max diff = 1.891e-06
Iteration 160, max diff = 8.614e-07
Iteration 170, max diff = 4.190e-07
Iteration 180, max diff = 2.005e-07
Iteration 190, max diff = 8.876e-08
Iteration 200, max diff = 4.781e-08
Iteration 210, max diff = 2.808e-08
Converged at iteration 216
