
                            < M A T L A B (R) >
                  Copyright 1984-2023 The MathWorks, Inc.
             R2023a Update 3 (9.14.0.2286388) 64-bit (glnxa64)
                                May 25, 2023

 
To get started, type doc.
For product information, visit www.mathworks.com.
 
Iteration 10, max diff = 1.199e-01
Iteration 20, max diff = 6.197e-02
Iteration 30, max diff = 3.256e-02
Iteration 40, max diff = 2.607e-02
Iteration 50, max diff = 1.709e-02
Iteration 60, max diff = 8.852e-03
Iteration 70, max diff = 4.614e-03
Iteration 80, max diff = 2.264e-03
Iteration 90, max diff = 1.127e-03
Iteration 100, max diff = 5.860e-04
Iteration 110, max diff = 2.922e-04
Iteration 120, max diff = 1.454e-04
Iteration 130, max diff = 7.252e-05
Iteration 140, max diff = 3.609e-05
Iteration 150, max diff = 1.795e-05
Iteration 160, max diff = 8.961e-06
Iteration 170, max diff = 4.472e-06
Iteration 180, max diff = 2.237e-06
Iteration 190, max diff = 1.113e-06
Iteration 200, max diff = 5.863e-07
Iteration 210, max diff = 2.704e-07
Iteration 220, max diff = 1.210e-07
Iteration 230, max diff = 8.058e-08
Iteration 240, max diff = 5.222e-08
Iteration 250, max diff = 4.576e-08
Converged at iteration 256
