
                            < M A T L A B (R) >
                  Copyright 1984-2023 The MathWorks, Inc.
             R2023a Update 3 (9.14.0.2286388) 64-bit (glnxa64)
                                May 25, 2023

 
To get started, type doc.
For product information, visit www.mathworks.com.
 
Iteration 10, max diff = 9.187e-02
Iteration 20, max diff = 5.919e-02
Iteration 30, max diff = 2.890e-02
Iteration 40, max diff = 9.528e-03
Iteration 50, max diff = 3.134e-03
Iteration 60, max diff = 9.302e-04
Iteration 70, max diff = 2.526e-04
Iteration 80, max diff = 7.064e-05
Iteration 90, max diff = 2.092e-05
Iteration 100, max diff = 6.647e-06
Iteration 110, max diff = 2.253e-06
Iteration 120, max diff = 8.257e-07
Iteration 130, max diff = 3.329e-07
Iteration 140, max diff = 1.245e-07
Iteration 150, max diff = 4.354e-08
Iteration 160, max diff = 1.023e-08
Converged at iteration 162
