
                            < M A T L A B (R) >
                  Copyright 1984-2023 The MathWorks, Inc.
             R2023a Update 3 (9.14.0.2286388) 64-bit (glnxa64)
                                May 25, 2023

 
To get started, type doc.
For product information, visit www.mathworks.com.
 
Iteration 10, max diff = 9.438e-02
Iteration 20, max diff = 2.843e-02
Iteration 30, max diff = 2.382e-02
Iteration 40, max diff = 1.882e-02
Iteration 50, max diff = 1.386e-02
Iteration 60, max diff = 1.002e-02
Iteration 70, max diff = 6.742e-03
Iteration 80, max diff = 4.500e-03
Iteration 90, max diff = 2.899e-03
Iteration 100, max diff = 1.825e-03
Iteration 110, max diff = 1.132e-03
Iteration 120, max diff = 5.672e-04
Iteration 130, max diff = 2.112e-04
Iteration 140, max diff = 1.692e-04
Iteration 150, max diff = 1.179e-04
Iteration 160, max diff = 5.960e-05
Iteration 170, max diff = 1.766e-05
Iteration 180, max diff = 1.389e-05
Iteration 190, max diff = 8.072e-06
Iteration 200, max diff = 4.520e-06
Iteration 210, max diff = 2.654e-06
Iteration 220, max diff = 1.573e-06
Iteration 230, max diff = 9.237e-07
Iteration 240, max diff = 5.517e-07
Iteration 250, max diff = 3.264e-07
Iteration 260, max diff = 1.923e-07
Iteration 270, max diff = 1.089e-07
Iteration 280, max diff = 5.235e-08
Iteration 290, max diff = 3.523e-08
Iteration 300, max diff = 1.881e-08
Iteration 310, max diff = 1.230e-08
Converged at iteration 317
