
                            < M A T L A B (R) >
                  Copyright 1984-2023 The MathWorks, Inc.
             R2023a Update 3 (9.14.0.2286388) 64-bit (glnxa64)
                                May 25, 2023

 
To get started, type doc.
For product information, visit www.mathworks.com.
 
Iteration 10, max diff = 6.090e-02
Iteration 20, max diff = 7.253e-02
Iteration 30, max diff = 1.838e-02
Iteration 40, max diff = 3.556e-03
Iteration 50, max diff = 4.752e-04
Iteration 60, max diff = 9.052e-05
Iteration 70, max diff = 2.635e-05
Iteration 80, max diff = 9.514e-06
Iteration 90, max diff = 3.513e-06
Iteration 100, max diff = 1.304e-06
Iteration 110, max diff = 4.925e-07
Iteration 120, max diff = 1.880e-07
Iteration 130, max diff = 7.252e-08
Iteration 140, max diff = 2.863e-08
Iteration 150, max diff = 1.349e-08
Converged at iteration 153
