
                            < M A T L A B (R) >
                  Copyright 1984-2023 The MathWorks, Inc.
             R2023a Update 3 (9.14.0.2286388) 64-bit (glnxa64)
                                May 25, 2023

 
To get started, type doc.
For product information, visit www.mathworks.com.
 
Iteration 10, max diff = 1.156e-01
Iteration 20, max diff = 4.932e-02
Iteration 30, max diff = 2.955e-02
Iteration 40, max diff = 2.202e-02
Iteration 50, max diff = 1.387e-02
Iteration 60, max diff = 8.827e-03
Iteration 70, max diff = 5.507e-03
Iteration 80, max diff = 2.922e-03
Iteration 90, max diff = 1.686e-03
Iteration 100, max diff = 9.355e-04
Iteration 110, max diff = 5.057e-04
Iteration 120, max diff = 2.716e-04
Iteration 130, max diff = 1.454e-04
Iteration 140, max diff = 7.755e-05
Iteration 150, max diff = 4.120e-05
Iteration 160, max diff = 2.190e-05
Iteration 170, max diff = 1.156e-05
Iteration 180, max diff = 6.119e-06
Iteration 190, max diff = 3.221e-06
Iteration 200, max diff = 1.240e-06
Iteration 210, max diff = 4.605e-07
Iteration 220, max diff = 2.552e-07
Iteration 230, max diff = 1.271e-07
Iteration 240, max diff = 6.105e-08
Iteration 250, max diff = 3.636e-08
Iteration 260, max diff = 2.715e-08
Iteration 270, max diff = 1.563e-08
Converged at iteration 278
