
                            < M A T L A B (R) >
                  Copyright 1984-2023 The MathWorks, Inc.
             R2023a Update 3 (9.14.0.2286388) 64-bit (glnxa64)
                                May 25, 2023

 
To get started, type doc.
For product information, visit www.mathworks.com.
 
Iteration 10, max diff = 1.273e-01
Iteration 20, max diff = 5.086e-02
Iteration 30, max diff = 3.397e-02
Iteration 40, max diff = 2.385e-02
Iteration 50, max diff = 1.457e-02
Iteration 60, max diff = 9.053e-03
Iteration 70, max diff = 5.103e-03
Iteration 80, max diff = 2.969e-03
Iteration 90, max diff = 1.675e-03
Iteration 100, max diff = 9.263e-04
Iteration 110, max diff = 5.128e-04
Iteration 120, max diff = 2.851e-04
Iteration 130, max diff = 1.595e-04
Iteration 140, max diff = 8.983e-05
Iteration 150, max diff = 5.099e-05
Iteration 160, max diff = 2.866e-05
Iteration 170, max diff = 1.641e-05
Iteration 180, max diff = 9.539e-06
Iteration 190, max diff = 5.439e-06
Iteration 200, max diff = 3.175e-06
Iteration 210, max diff = 1.829e-06
Iteration 220, max diff = 1.069e-06
Iteration 230, max diff = 6.236e-07
Iteration 240, max diff = 3.428e-07
Iteration 250, max diff = 2.135e-07
Iteration 260, max diff = 1.190e-07
Iteration 270, max diff = 9.591e-08
Iteration 280, max diff = 4.187e-08
Iteration 290, max diff = 3.264e-08
Converged at iteration 294
