
                            < M A T L A B (R) >
                  Copyright 1984-2023 The MathWorks, Inc.
             R2023a Update 3 (9.14.0.2286388) 64-bit (glnxa64)
                                May 25, 2023

 
To get started, type doc.
For product information, visit www.mathworks.com.
 
Iteration 10, max diff = 6.279e-02
Iteration 20, max diff = 2.763e-02
Iteration 30, max diff = 2.610e-02
Iteration 40, max diff = 1.893e-02
Iteration 50, max diff = 1.181e-02
Iteration 60, max diff = 6.320e-03
Iteration 70, max diff = 3.138e-03
Iteration 80, max diff = 1.284e-03
Iteration 90, max diff = 5.837e-04
Iteration 100, max diff = 2.389e-04
Iteration 110, max diff = 9.787e-05
Iteration 120, max diff = 3.980e-05
Iteration 130, max diff = 1.608e-05
Iteration 140, max diff = 6.476e-06
Iteration 150, max diff = 2.579e-06
Iteration 160, max diff = 1.083e-06
Iteration 170, max diff = 4.029e-07
Iteration 180, max diff = 1.575e-07
Iteration 190, max diff = 5.386e-08
Iteration 200, max diff = 3.867e-08
Iteration 210, max diff = 2.159e-08
Iteration 220, max diff = 1.061e-08
Converged at iteration 221
