
                            < M A T L A B (R) >
                  Copyright 1984-2023 The MathWorks, Inc.
             R2023a Update 3 (9.14.0.2286388) 64-bit (glnxa64)
                                May 25, 2023

 
To get started, type doc.
For product information, visit www.mathworks.com.
 
Iteration 10, max diff = 6.485e-02
Iteration 20, max diff = 3.385e-02
Iteration 30, max diff = 3.067e-02
Iteration 40, max diff = 1.767e-02
Iteration 50, max diff = 8.717e-03
Iteration 60, max diff = 3.683e-03
Iteration 70, max diff = 1.536e-03
Iteration 80, max diff = 5.591e-04
Iteration 90, max diff = 2.953e-04
Iteration 100, max diff = 4.072e-05
Iteration 110, max diff = 4.950e-06
Iteration 120, max diff = 3.507e-06
Iteration 130, max diff = 1.130e-06
Iteration 140, max diff = 4.196e-07
Iteration 150, max diff = 1.604e-07
Iteration 160, max diff = 4.967e-08
Iteration 170, max diff = 3.800e-08
Converged at iteration 176
