
                            < M A T L A B (R) >
                  Copyright 1984-2023 The MathWorks, Inc.
             R2023a Update 3 (9.14.0.2286388) 64-bit (glnxa64)
                                May 25, 2023

 
To get started, type doc.
For product information, visit www.mathworks.com.
 
Iteration 10, max diff = 1.200e-01
Iteration 20, max diff = 5.514e-02
Iteration 30, max diff = 2.781e-02
Iteration 40, max diff = 2.241e-02
Iteration 50, max diff = 1.507e-02
Iteration 60, max diff = 9.770e-03
Iteration 70, max diff = 6.180e-03
Iteration 80, max diff = 3.912e-03
Iteration 90, max diff = 2.368e-03
Iteration 100, max diff = 1.389e-03
Iteration 110, max diff = 5.355e-04
Iteration 120, max diff = 2.817e-04
Iteration 130, max diff = 1.682e-04
Iteration 140, max diff = 9.296e-05
Iteration 150, max diff = 5.192e-05
Iteration 160, max diff = 2.945e-05
Iteration 170, max diff = 1.659e-05
Iteration 180, max diff = 9.376e-06
Iteration 190, max diff = 5.301e-06
Iteration 200, max diff = 2.991e-06
Iteration 210, max diff = 1.697e-06
Iteration 220, max diff = 9.544e-07
Iteration 230, max diff = 5.374e-07
Iteration 240, max diff = 3.076e-07
Iteration 250, max diff = 1.737e-07
Iteration 260, max diff = 8.442e-08
Iteration 270, max diff = 3.896e-08
Iteration 280, max diff = 2.995e-08
Iteration 290, max diff = 1.987e-08
Iteration 300, max diff = 1.242e-08
Converged at iteration 304
