
                            < M A T L A B (R) >
                  Copyright 1984-2023 The MathWorks, Inc.
             R2023a Update 3 (9.14.0.2286388) 64-bit (glnxa64)
                                May 25, 2023

 
To get started, type doc.
For product information, visit www.mathworks.com.
 
Iteration 10, max diff = 1.212e-01
Iteration 20, max diff = 5.246e-02
Iteration 30, max diff = 3.693e-02
Iteration 40, max diff = 2.381e-02
Iteration 50, max diff = 1.302e-02
Iteration 60, max diff = 5.972e-03
Iteration 70, max diff = 3.040e-03
Iteration 80, max diff = 1.451e-03
Iteration 90, max diff = 6.649e-04
Iteration 100, max diff = 3.017e-04
Iteration 110, max diff = 1.368e-04
Iteration 120, max diff = 6.225e-05
Iteration 130, max diff = 2.919e-05
Iteration 140, max diff = 1.363e-05
Iteration 150, max diff = 6.384e-06
Iteration 160, max diff = 3.023e-06
Iteration 170, max diff = 1.424e-06
Iteration 180, max diff = 6.751e-07
Iteration 190, max diff = 2.987e-07
Iteration 200, max diff = 1.811e-07
Iteration 210, max diff = 5.458e-08
Iteration 220, max diff = 4.557e-08
Iteration 230, max diff = 1.997e-08
Iteration 240, max diff = 1.345e-08
Converged at iteration 247
