
                            < M A T L A B (R) >
                  Copyright 1984-2023 The MathWorks, Inc.
             R2023a Update 3 (9.14.0.2286388) 64-bit (glnxa64)
                                May 25, 2023

 
To get started, type doc.
For product information, visit www.mathworks.com.
 
Iteration 10, max diff = 9.250e-02
Iteration 20, max diff = 3.851e-02
Iteration 30, max diff = 3.199e-02
Iteration 40, max diff = 1.862e-02
Iteration 50, max diff = 9.585e-03
Iteration 60, max diff = 4.584e-03
Iteration 70, max diff = 1.755e-03
Iteration 80, max diff = 7.809e-04
Iteration 90, max diff = 3.202e-04
Iteration 100, max diff = 1.261e-04
Iteration 110, max diff = 4.997e-05
Iteration 120, max diff = 1.977e-05
Iteration 130, max diff = 7.214e-06
Iteration 140, max diff = 3.229e-06
Iteration 150, max diff = 1.246e-06
Iteration 160, max diff = 4.976e-07
Iteration 170, max diff = 2.059e-07
Iteration 180, max diff = 7.114e-08
Iteration 190, max diff = 3.124e-08
Iteration 200, max diff = 1.514e-08
Converged at iteration 208
