
                            < M A T L A B (R) >
                  Copyright 1984-2023 The MathWorks, Inc.
             R2023a Update 3 (9.14.0.2286388) 64-bit (glnxa64)
                                May 25, 2023

 
To get started, type doc.
For product information, visit www.mathworks.com.
 
Iteration 10, max diff = 8.912e-02
Iteration 20, max diff = 4.630e-02
Iteration 30, max diff = 2.622e-02
Iteration 40, max diff = 2.107e-02
Iteration 50, max diff = 1.406e-02
Iteration 60, max diff = 7.079e-03
Iteration 70, max diff = 3.807e-03
Iteration 80, max diff = 1.899e-03
Iteration 90, max diff = 9.449e-04
Iteration 100, max diff = 4.445e-04
Iteration 110, max diff = 2.060e-04
Iteration 120, max diff = 9.456e-05
Iteration 130, max diff = 4.317e-05
Iteration 140, max diff = 1.967e-05
Iteration 150, max diff = 8.935e-06
Iteration 160, max diff = 4.063e-06
Iteration 170, max diff = 1.827e-06
Iteration 180, max diff = 8.463e-07
Iteration 190, max diff = 3.582e-07
Iteration 200, max diff = 1.643e-07
Iteration 210, max diff = 6.534e-08
Iteration 220, max diff = 3.529e-08
Iteration 230, max diff = 2.370e-08
Iteration 240, max diff = 1.429e-08
Converged at iteration 247
