
                            < M A T L A B (R) >
                  Copyright 1984-2023 The MathWorks, Inc.
             R2023a Update 3 (9.14.0.2286388) 64-bit (glnxa64)
                                May 25, 2023

 
To get started, type doc.
For product information, visit www.mathworks.com.
 
Iteration 10, max diff = 7.297e-02
Iteration 20, max diff = 4.085e-02
Iteration 30, max diff = 3.464e-02
Iteration 40, max diff = 2.053e-02
Iteration 50, max diff = 1.068e-02
Iteration 60, max diff = 4.894e-03
Iteration 70, max diff = 1.826e-03
Iteration 80, max diff = 7.536e-04
Iteration 90, max diff = 2.793e-04
Iteration 100, max diff = 1.033e-04
Iteration 110, max diff = 3.779e-05
Iteration 120, max diff = 1.218e-05
Iteration 130, max diff = 3.912e-06
Iteration 140, max diff = 1.092e-06
Iteration 150, max diff = 2.417e-07
Iteration 160, max diff = 4.610e-08
Iteration 170, max diff = 3.854e-08
Iteration 180, max diff = 2.592e-08
Iteration 190, max diff = 2.612e-08
Iteration 200, max diff = 1.601e-08
Converged at iteration 201
