
                            < M A T L A B (R) >
                  Copyright 1984-2023 The MathWorks, Inc.
             R2023a Update 3 (9.14.0.2286388) 64-bit (glnxa64)
                                May 25, 2023

 
To get started, type doc.
For product information, visit www.mathworks.com.
 
Iteration 10, max diff = 3.780e-02
Iteration 20, max diff = 6.356e-02
Iteration 30, max diff = 1.952e-02
Iteration 40, max diff = 1.219e-03
Iteration 50, max diff = 1.556e-04
Iteration 60, max diff = 2.197e-05
Iteration 70, max diff = 1.345e-05
Iteration 80, max diff = 3.644e-06
Iteration 90, max diff = 7.283e-07
Iteration 100, max diff = 3.369e-07
Iteration 110, max diff = 1.599e-07
Iteration 120, max diff = 6.172e-08
Iteration 130, max diff = 2.329e-08
Converged at iteration 140
