
                            < M A T L A B (R) >
                  Copyright 1984-2023 The MathWorks, Inc.
             R2023a Update 3 (9.14.0.2286388) 64-bit (glnxa64)
                                May 25, 2023

 
To get started, type doc.
For product information, visit www.mathworks.com.
 
Iteration 10, max diff = 3.486e-02
Iteration 20, max diff = 1.603e-02
Iteration 30, max diff = 1.532e-02
Iteration 40, max diff = 1.331e-02
Iteration 50, max diff = 1.022e-02
Iteration 60, max diff = 6.906e-03
Iteration 70, max diff = 4.462e-03
Iteration 80, max diff = 2.448e-03
Iteration 90, max diff = 1.444e-03
Iteration 100, max diff = 7.989e-04
Iteration 110, max diff = 4.375e-04
Iteration 120, max diff = 2.369e-04
Iteration 130, max diff = 1.276e-04
Iteration 140, max diff = 6.860e-05
Iteration 150, max diff = 3.685e-05
Iteration 160, max diff = 1.973e-05
Iteration 170, max diff = 1.060e-05
Iteration 180, max diff = 5.671e-06
Iteration 190, max diff = 3.029e-06
Iteration 200, max diff = 1.611e-06
Iteration 210, max diff = 8.808e-07
Iteration 220, max diff = 4.797e-07
Iteration 230, max diff = 2.445e-07
Iteration 240, max diff = 1.250e-07
Iteration 250, max diff = 5.460e-08
Iteration 260, max diff = 4.351e-08
Iteration 270, max diff = 2.669e-08
Iteration 280, max diff = 1.344e-08
Converged at iteration 290
