
                            < M A T L A B (R) >
                  Copyright 1984-2023 The MathWorks, Inc.
             R2023a Update 3 (9.14.0.2286388) 64-bit (glnxa64)
                                May 25, 2023

 
To get started, type doc.
For product information, visit www.mathworks.com.
 
Iteration 10, max diff = 2.604e-02
Iteration 20, max diff = 2.155e-02
Iteration 30, max diff = 2.008e-02
Iteration 40, max diff = 1.536e-02
Iteration 50, max diff = 9.999e-03
Iteration 60, max diff = 5.682e-03
Iteration 70, max diff = 3.156e-03
Iteration 80, max diff = 1.438e-03
Iteration 90, max diff = 8.036e-04
Iteration 100, max diff = 4.138e-04
Iteration 110, max diff = 2.123e-04
Iteration 120, max diff = 1.092e-04
Iteration 130, max diff = 5.624e-05
Iteration 140, max diff = 2.899e-05
Iteration 150, max diff = 1.493e-05
Iteration 160, max diff = 7.684e-06
Iteration 170, max diff = 3.837e-06
Iteration 180, max diff = 2.248e-06
Iteration 190, max diff = 9.472e-07
Iteration 200, max diff = 5.268e-07
Iteration 210, max diff = 2.622e-07
Iteration 220, max diff = 1.472e-07
Iteration 230, max diff = 6.659e-08
Iteration 240, max diff = 3.058e-08
Iteration 250, max diff = 2.254e-08
Iteration 260, max diff = 1.558e-08
Iteration 270, max diff = 1.055e-08
Converged at iteration 273
