
                            < M A T L A B (R) >
                  Copyright 1984-2023 The MathWorks, Inc.
             R2023a Update 3 (9.14.0.2286388) 64-bit (glnxa64)
                                May 25, 2023

 
To get started, type doc.
For product information, visit www.mathworks.com.
 
Iteration 10, max diff = 1.597e-02
Iteration 20, max diff = 1.738e-02
Iteration 30, max diff = 1.703e-02
Iteration 40, max diff = 1.456e-02
Iteration 50, max diff = 1.054e-02
Iteration 60, max diff = 6.297e-03
Iteration 70, max diff = 3.428e-03
Iteration 80, max diff = 1.472e-03
Iteration 90, max diff = 7.591e-04
Iteration 100, max diff = 3.517e-04
Iteration 110, max diff = 1.627e-04
Iteration 120, max diff = 7.468e-05
Iteration 130, max diff = 3.417e-05
Iteration 140, max diff = 1.562e-05
Iteration 150, max diff = 7.126e-06
Iteration 160, max diff = 3.256e-06
Iteration 170, max diff = 1.523e-06
Iteration 180, max diff = 7.208e-07
Iteration 190, max diff = 2.810e-07
Iteration 200, max diff = 1.111e-07
Iteration 210, max diff = 5.420e-08
Iteration 220, max diff = 4.062e-08
Converged at iteration 225
