
                            < M A T L A B (R) >
                  Copyright 1984-2023 The MathWorks, Inc.
             R2023a Update 3 (9.14.0.2286388) 64-bit (glnxa64)
                                May 25, 2023

 
To get started, type doc.
For product information, visit www.mathworks.com.
 
Iteration 10, max diff = 1.979e-02
Iteration 20, max diff = 1.741e-02
Iteration 30, max diff = 1.680e-02
Iteration 40, max diff = 1.411e-02
Iteration 50, max diff = 1.003e-02
Iteration 60, max diff = 6.231e-03
Iteration 70, max diff = 3.430e-03
Iteration 80, max diff = 1.849e-03
Iteration 90, max diff = 9.471e-04
Iteration 100, max diff = 4.789e-04
Iteration 110, max diff = 2.393e-04
Iteration 120, max diff = 1.188e-04
Iteration 130, max diff = 5.888e-05
Iteration 140, max diff = 2.944e-05
Iteration 150, max diff = 1.464e-05
Iteration 160, max diff = 7.318e-06
Iteration 170, max diff = 3.252e-06
Iteration 180, max diff = 1.626e-06
Iteration 190, max diff = 8.195e-07
Iteration 200, max diff = 4.051e-07
Iteration 210, max diff = 1.846e-07
Iteration 220, max diff = 7.978e-08
Iteration 230, max diff = 3.046e-08
Iteration 240, max diff = 2.173e-08
Iteration 250, max diff = 1.375e-08
Converged at iteration 258
