
                            < M A T L A B (R) >
                  Copyright 1984-2023 The MathWorks, Inc.
             R2023a Update 3 (9.14.0.2286388) 64-bit (glnxa64)
                                May 25, 2023

 
To get started, type doc.
For product information, visit www.mathworks.com.
 
Iteration 10, max diff = 2.355e-02
Iteration 20, max diff = 1.835e-02
Iteration 30, max diff = 1.697e-02
Iteration 40, max diff = 1.338e-02
Iteration 50, max diff = 8.731e-03
Iteration 60, max diff = 4.766e-03
Iteration 70, max diff = 2.471e-03
Iteration 80, max diff = 1.180e-03
Iteration 90, max diff = 2.654e-04
Iteration 100, max diff = 1.922e-04
Iteration 110, max diff = 8.130e-05
Iteration 120, max diff = 3.735e-05
Iteration 130, max diff = 1.680e-05
Iteration 140, max diff = 7.564e-06
Iteration 150, max diff = 3.427e-06
Iteration 160, max diff = 1.844e-06
Iteration 170, max diff = 6.904e-07
Iteration 180, max diff = 2.925e-07
Iteration 190, max diff = 1.367e-07
Iteration 200, max diff = 4.174e-08
Iteration 210, max diff = 4.075e-08
Iteration 220, max diff = 2.260e-08
Converged at iteration 226
