
                            < M A T L A B (R) >
                  Copyright 1984-2023 The MathWorks, Inc.
             R2023a Update 3 (9.14.0.2286388) 64-bit (glnxa64)
                                May 25, 2023

 
To get started, type doc.
For product information, visit www.mathworks.com.
 
Iteration 10, max diff = 1.724e-02
Iteration 20, max diff = 4.371e-02
Iteration 30, max diff = 1.352e-02
Iteration 40, max diff = 4.496e-03
Iteration 50, max diff = 9.546e-04
Iteration 60, max diff = 2.803e-04
Iteration 70, max diff = 7.197e-05
Iteration 80, max diff = 1.819e-05
Iteration 90, max diff = 4.648e-06
Iteration 100, max diff = 1.888e-06
Iteration 110, max diff = 3.325e-07
Iteration 120, max diff = 9.298e-08
Iteration 130, max diff = 3.668e-08
Iteration 140, max diff = 2.711e-08
Converged at iteration 146
