
                            < M A T L A B (R) >
                  Copyright 1984-2023 The MathWorks, Inc.
             R2023a Update 3 (9.14.0.2286388) 64-bit (glnxa64)
                                May 25, 2023

 
To get started, type doc.
For product information, visit www.mathworks.com.
 
Iteration 10, max diff = 1.629e-02
Iteration 20, max diff = 1.581e-02
Iteration 30, max diff = 1.568e-02
Iteration 40, max diff = 1.431e-02
Iteration 50, max diff = 1.094e-02
Iteration 60, max diff = 7.180e-03
Iteration 70, max diff = 4.059e-03
Iteration 80, max diff = 2.206e-03
Iteration 90, max diff = 9.350e-04
Iteration 100, max diff = 4.874e-04
Iteration 110, max diff = 2.342e-04
Iteration 120, max diff = 1.124e-04
Iteration 130, max diff = 5.377e-05
Iteration 140, max diff = 2.562e-05
Iteration 150, max diff = 1.223e-05
Iteration 160, max diff = 5.771e-06
Iteration 170, max diff = 2.794e-06
Iteration 180, max diff = 1.286e-06
Iteration 190, max diff = 6.242e-07
Iteration 200, max diff = 2.746e-07
Iteration 210, max diff = 1.368e-07
Iteration 220, max diff = 8.436e-08
Iteration 230, max diff = 4.111e-08
Iteration 240, max diff = 2.524e-08
Iteration 250, max diff = 1.455e-08
Converged at iteration 253
