
                            < M A T L A B (R) >
                  Copyright 1984-2023 The MathWorks, Inc.
             R2023a Update 3 (9.14.0.2286388) 64-bit (glnxa64)
                                May 25, 2023

 
To get started, type doc.
For product information, visit www.mathworks.com.
 
Iteration 10, max diff = 2.438e-02
Iteration 20, max diff = 1.444e-02
Iteration 30, max diff = 1.431e-02
Iteration 40, max diff = 1.287e-02
Iteration 50, max diff = 1.006e-02
Iteration 60, max diff = 6.586e-03
Iteration 70, max diff = 3.932e-03
Iteration 80, max diff = 1.975e-03
Iteration 90, max diff = 1.069e-03
Iteration 100, max diff = 5.396e-04
Iteration 110, max diff = 2.688e-04
Iteration 120, max diff = 1.327e-04
Iteration 130, max diff = 6.519e-05
Iteration 140, max diff = 3.194e-05
Iteration 150, max diff = 1.564e-05
Iteration 160, max diff = 7.669e-06
Iteration 170, max diff = 3.744e-06
Iteration 180, max diff = 1.801e-06
Iteration 190, max diff = 8.859e-07
Iteration 200, max diff = 4.408e-07
Iteration 210, max diff = 1.873e-07
Iteration 220, max diff = 1.152e-07
Iteration 230, max diff = 3.573e-08
Converged at iteration 235
