
                            < M A T L A B (R) >
                  Copyright 1984-2023 The MathWorks, Inc.
             R2023a Update 3 (9.14.0.2286388) 64-bit (glnxa64)
                                May 25, 2023

 
To get started, type doc.
For product information, visit www.mathworks.com.
 
Iteration 10, max diff = 3.020e-02
Iteration 20, max diff = 1.471e-02
Iteration 30, max diff = 1.442e-02
Iteration 40, max diff = 1.250e-02
Iteration 50, max diff = 9.618e-03
Iteration 60, max diff = 6.501e-03
Iteration 70, max diff = 4.234e-03
Iteration 80, max diff = 2.380e-03
Iteration 90, max diff = 1.383e-03
Iteration 100, max diff = 7.693e-04
Iteration 110, max diff = 4.219e-04
Iteration 120, max diff = 2.289e-04
Iteration 130, max diff = 1.238e-04
Iteration 140, max diff = 6.671e-05
Iteration 150, max diff = 3.590e-05
Iteration 160, max diff = 1.928e-05
Iteration 170, max diff = 1.037e-05
Iteration 180, max diff = 5.561e-06
Iteration 190, max diff = 3.007e-06
Iteration 200, max diff = 1.619e-06
Iteration 210, max diff = 8.587e-07
Iteration 220, max diff = 4.747e-07
Iteration 230, max diff = 2.353e-07
Iteration 240, max diff = 1.407e-07
Iteration 250, max diff = 6.412e-08
Iteration 260, max diff = 2.636e-08
Iteration 270, max diff = 2.111e-08
Converged at iteration 278
