
                            < M A T L A B (R) >
                  Copyright 1984-2023 The MathWorks, Inc.
             R2023a Update 3 (9.14.0.2286388) 64-bit (glnxa64)
                                May 25, 2023

 
To get started, type doc.
For product information, visit www.mathworks.com.
 
Iteration 10, max diff = 3.130e-02
Iteration 20, max diff = 1.348e-02
Iteration 30, max diff = 1.349e-02
Iteration 40, max diff = 1.206e-02
Iteration 50, max diff = 9.554e-03
Iteration 60, max diff = 6.644e-03
Iteration 70, max diff = 4.072e-03
Iteration 80, max diff = 2.496e-03
Iteration 90, max diff = 1.418e-03
Iteration 100, max diff = 7.797e-04
Iteration 110, max diff = 1.887e-04
Iteration 120, max diff = 1.587e-04
Iteration 130, max diff = 8.133e-05
Iteration 140, max diff = 4.380e-05
Iteration 150, max diff = 2.339e-05
Iteration 160, max diff = 1.238e-05
Iteration 170, max diff = 6.633e-06
Iteration 180, max diff = 4.282e-06
Iteration 190, max diff = 1.750e-06
Iteration 200, max diff = 9.892e-07
Iteration 210, max diff = 5.090e-07
Iteration 220, max diff = 2.861e-07
Iteration 230, max diff = 1.504e-07
Iteration 240, max diff = 9.430e-08
Converged at iteration 250
