
                            < M A T L A B (R) >
                  Copyright 1984-2023 The MathWorks, Inc.
             R2023a Update 3 (9.14.0.2286388) 64-bit (glnxa64)
                                May 25, 2023

 
To get started, type doc.
For product information, visit www.mathworks.com.
 
Iteration 10, max diff = 2.152e-02
Iteration 20, max diff = 2.643e-02
Iteration 30, max diff = 1.930e-02
Iteration 40, max diff = 1.118e-02
Iteration 50, max diff = 5.488e-03
Iteration 60, max diff = 2.234e-03
Iteration 70, max diff = 9.459e-04
Iteration 80, max diff = 3.658e-04
Iteration 90, max diff = 1.401e-04
Iteration 100, max diff = 5.310e-05
Iteration 110, max diff = 2.007e-05
Iteration 120, max diff = 7.590e-06
Iteration 130, max diff = 2.879e-06
Iteration 140, max diff = 1.072e-06
Iteration 150, max diff = 4.069e-07
Iteration 160, max diff = 1.209e-07
Iteration 170, max diff = 3.737e-08
Iteration 180, max diff = 3.091e-08
Iteration 190, max diff = 1.622e-08
Converged at iteration 199
