
                            < M A T L A B (R) >
                  Copyright 1984-2023 The MathWorks, Inc.
             R2023a Update 3 (9.14.0.2286388) 64-bit (glnxa64)
                                May 25, 2023

 
To get started, type doc.
For product information, visit www.mathworks.com.
 
Iteration 10, max diff = 2.915e-02
Iteration 20, max diff = 2.734e-02
Iteration 30, max diff = 1.976e-02
Iteration 40, max diff = 1.161e-02
Iteration 50, max diff = 5.802e-03
Iteration 60, max diff = 2.798e-03
Iteration 70, max diff = 9.899e-04
Iteration 80, max diff = 3.926e-04
Iteration 90, max diff = 1.577e-04
Iteration 100, max diff = 6.249e-05
Iteration 110, max diff = 2.474e-05
Iteration 120, max diff = 9.768e-06
Iteration 130, max diff = 3.859e-06
Iteration 140, max diff = 1.532e-06
Iteration 150, max diff = 6.060e-07
Iteration 160, max diff = 2.356e-07
Iteration 170, max diff = 9.772e-08
Iteration 180, max diff = 4.554e-08
Converged at iteration 186
