
                            < M A T L A B (R) >
                  Copyright 1984-2023 The MathWorks, Inc.
             R2023a Update 3 (9.14.0.2286388) 64-bit (glnxa64)
                                May 25, 2023

 
To get started, type doc.
For product information, visit www.mathworks.com.
 
Iteration 10, max diff = 3.277e-02
Iteration 20, max diff = 2.226e-02
Iteration 30, max diff = 1.946e-02
Iteration 40, max diff = 1.441e-02
Iteration 50, max diff = 9.124e-03
Iteration 60, max diff = 5.059e-03
Iteration 70, max diff = 2.636e-03
Iteration 80, max diff = 1.082e-03
Iteration 90, max diff = 5.359e-04
Iteration 100, max diff = 2.542e-04
Iteration 110, max diff = 1.208e-04
Iteration 120, max diff = 5.723e-05
Iteration 130, max diff = 2.688e-05
Iteration 140, max diff = 1.269e-05
Iteration 150, max diff = 5.993e-06
Iteration 160, max diff = 2.833e-06
Iteration 170, max diff = 1.342e-06
Iteration 180, max diff = 6.286e-07
Iteration 190, max diff = 2.817e-07
Iteration 200, max diff = 1.357e-07
Iteration 210, max diff = 6.220e-08
Iteration 220, max diff = 1.803e-08
Iteration 230, max diff = 1.869e-08
Iteration 240, max diff = 1.144e-08
Converged at iteration 244
