
                            < M A T L A B (R) >
                  Copyright 1984-2023 The MathWorks, Inc.
             R2023a Update 3 (9.14.0.2286388) 64-bit (glnxa64)
                                May 25, 2023

 
To get started, type doc.
For product information, visit www.mathworks.com.
 
Iteration 10, max diff = 2.324e-02
Iteration 20, max diff = 1.323e-02
Iteration 30, max diff = 1.327e-02
Iteration 40, max diff = 1.205e-02
Iteration 50, max diff = 9.877e-03
Iteration 60, max diff = 7.212e-03
Iteration 70, max diff = 4.958e-03
Iteration 80, max diff = 3.006e-03
Iteration 90, max diff = 1.868e-03
Iteration 100, max diff = 1.106e-03
Iteration 110, max diff = 6.451e-04
Iteration 120, max diff = 3.715e-04
Iteration 130, max diff = 2.142e-04
Iteration 140, max diff = 1.227e-04
Iteration 150, max diff = 7.020e-05
Iteration 160, max diff = 4.010e-05
Iteration 170, max diff = 2.289e-05
Iteration 180, max diff = 1.306e-05
Iteration 190, max diff = 7.456e-06
Iteration 200, max diff = 4.231e-06
Iteration 210, max diff = 2.423e-06
Iteration 220, max diff = 1.378e-06
Iteration 230, max diff = 7.963e-07
Iteration 240, max diff = 4.542e-07
Iteration 250, max diff = 2.585e-07
Iteration 260, max diff = 1.518e-07
Iteration 270, max diff = 7.625e-08
Iteration 280, max diff = 4.083e-08
Iteration 290, max diff = 1.137e-08
Converged at iteration 291
