
                            < M A T L A B (R) >
                  Copyright 1984-2023 The MathWorks, Inc.
             R2023a Update 3 (9.14.0.2286388) 64-bit (glnxa64)
                                May 25, 2023

 
To get started, type doc.
For product information, visit www.mathworks.com.
 
Iteration 10, max diff = 1.806e-02
Iteration 20, max diff = 3.677e-02
Iteration 30, max diff = 1.620e-02
Iteration 40, max diff = 6.500e-03
Iteration 50, max diff = 1.781e-03
Iteration 60, max diff = 6.916e-04
Iteration 70, max diff = 2.059e-04
Iteration 80, max diff = 6.399e-05
Iteration 90, max diff = 1.951e-05
Iteration 100, max diff = 5.956e-06
Iteration 110, max diff = 1.794e-06
Iteration 120, max diff = 5.677e-07
Iteration 130, max diff = 1.875e-07
Iteration 140, max diff = 4.784e-08
Iteration 150, max diff = 2.133e-08
Converged at iteration 154
