
                            < M A T L A B (R) >
                  Copyright 1984-2023 The MathWorks, Inc.
             R2023a Update 3 (9.14.0.2286388) 64-bit (glnxa64)
                                May 25, 2023

 
To get started, type doc.
For product information, visit www.mathworks.com.
 
Iteration 10, max diff = 3.173e-02
Iteration 20, max diff = 1.909e-02
Iteration 30, max diff = 1.730e-02
Iteration 40, max diff = 1.349e-02
Iteration 50, max diff = 8.962e-03
Iteration 60, max diff = 5.150e-03
Iteration 70, max diff = 2.524e-03
Iteration 80, max diff = 1.305e-03
Iteration 90, max diff = 6.227e-04
Iteration 100, max diff = 2.934e-04
Iteration 110, max diff = 1.365e-04
Iteration 120, max diff = 6.327e-05
Iteration 130, max diff = 2.925e-05
Iteration 140, max diff = 1.349e-05
Iteration 150, max diff = 6.223e-06
Iteration 160, max diff = 2.863e-06
Iteration 170, max diff = 1.330e-06
Iteration 180, max diff = 6.220e-07
Iteration 190, max diff = 2.767e-07
Iteration 200, max diff = 1.191e-07
Iteration 210, max diff = 6.613e-08
Iteration 220, max diff = 3.182e-08
Iteration 230, max diff = 1.440e-08
Converged at iteration 231
